Added Component: Designator=C1(200mil)
Added Component: Designator=J1(Header34)
Added Component: Designator=J2(HEADER6)
Added Component: Designator=U1(DIP14)
Added Pin To Net: NetName=GND Pin=C1-1
Added Pin To Net: NetName=VCC Pin=C1-2
Added Pin To Net: NetName=GND Pin=J1-1
Added Pin To Net: NetName=GND Pin=J1-3
Added Pin To Net: NetName=GND Pin=J1-5
Added Pin To Net: NetName=GND Pin=J1-7
Added Pin To Net: NetName=GND Pin=J1-9
Added Pin To Net: NetName=GND Pin=J1-11
Added Pin To Net: NetName=NetJ1_12 Pin=J1-12
Added Pin To Net: NetName=GND Pin=J1-13
Added Pin To Net: NetName=GND Pin=J1-15
Added Pin To Net: NetName=NetJ1_16 Pin=J1-16
Added Pin To Net: NetName=GND Pin=J1-17
Added Pin To Net: NetName=NetJ1_18 Pin=J1-18
Added Pin To Net: NetName=GND Pin=J1-19
Added Pin To Net: NetName=NetJ1_20 Pin=J1-20
Added Pin To Net: NetName=GND Pin=J1-21
Added Pin To Net: NetName=GND Pin=J1-23
Added Pin To Net: NetName=GND Pin=J1-25
Added Pin To Net: NetName=GND Pin=J1-27
Added Pin To Net: NetName=GND Pin=J1-29
Added Pin To Net: NetName=GND Pin=J1-31
Added Pin To Net: NetName=GND Pin=J1-33
Added Pin To Net: NetName=NetJ1_20 Pin=J2-1
Added Pin To Net: NetName=VCC Pin=J2-2
Added Pin To Net: NetName=Net12_1 Pin=J2-3
Added Pin To Net: NetName=Net11_1 Pin=J2-4
Added Pin To Net: NetName=NetJ2_5 Pin=J2-5
Added Pin To Net: NetName=GND Pin=J2-6
Added Pin To Net: NetName=VCC Pin=U1-1
Added Pin To Net: NetName=Net9_1 Pin=U1-2
Added Pin To Net: NetName=Net13_1 Pin=U1-3
Added Pin To Net: NetName=NetJ2_5 Pin=U1-4
Added Pin To Net: NetName=Net10_1 Pin=U1-5
Added Pin To Net: NetName=Net11_1 Pin=U1-7
Added Pin To Net: NetName=NetJ1_20 Pin=U1-8
Added Pin To Net: NetName=Net12_1 Pin=U1-9
Added Pin To Net: NetName=NetJ1_18 Pin=U1-10
Added Pin To Net: NetName=NetJ1_16 Pin=U1-11
Added Pin To Net: NetName=NetJ1_12 Pin=U1-12
Added Pin To Net: NetName=GND Pin=U1-14
Added Member To Class: ClassName=Slave v2 Member=Component C1 Component_1
Added Member To Class: ClassName=Slave v2 Member=Component J1 Component_1
Added Member To Class: ClassName=Slave v2 Member=Component J2 AVR_ISP
Added Member To Class: ClassName=Slave v2 Member=Component U1 ATTiny84
